{"name": "По кнопке «Лента заказов» совершается переход на страницу заказов", "status": "failed", "statusDetails": {"message": "AssertionError: assert 'https://stel...ies.site/feed' == 'https://stel...es.site//feed'\n  \n  - https://stellarburgers.nomoreparties.site//feed\n  ?                                           -\n  + https://stellarburgers.nomoreparties.site/feed", "trace": "self = <tests.test_main_page.TestMainPage object at 0x000001AC8DF9F1D0>, pages = <web_pages.UIWorkerWeb object at 0x000001AC8E939E50>\n\n    @allure.title('По кнопке «Лента заказов» совершается переход на страницу заказов')\n    @allure.description('При нажатии в header кнопки \"Лента заказов\" происходит редирект на страницу со всеми заказами')\n    def test_redirection_to_order_list(self, pages):\n        pages.click_orders_list_button()\n        current_url = pages.get_current_url()\n>       assert current_url == Urls.url_feed\nE       AssertionError: assert 'https://stel...ies.site/feed' == 'https://stel...es.site//feed'\nE         \nE         - https://stellarburgers.nomoreparties.site//feed\nE         ?                                           -\nE         + https://stellarburgers.nomoreparties.site/feed\n\ntests\\test_main_page.py:16: AssertionError"}, "description": "При нажатии в header кнопки \"Лента заказов\" происходит редирект на страницу со всеми заказами", "steps": [{"name": "Переход на страницу Лента заказов", "status": "passed", "steps": [{"name": "Переместиться до элемента и кликнуть", "status": "passed", "parameters": [{"name": "locator", "value": "('xpath', '//p[text()=\"Лента Заказов\"]/parent::a')"}], "start": 1721241012215, "stop": 1721241012544}, {"name": "Дождаться видимости элемента", "status": "passed", "parameters": [{"name": "locator", "value": "('xpath', '//h1[text()=\"Лента заказов\"]')"}], "start": 1721241012544, "stop": 1721241013261}], "start": 1721241012215, "stop": 1721241013261}, {"name": "Получить текущую ссылку", "status": "passed", "start": 1721241013261, "stop": 1721241013273}], "parameters": [{"name": "driver_do", "value": "'chrome'"}], "start": 1721241012215, "stop": 1721241013275, "uuid": "e4e70153-e760-4442-b21a-043348452647", "historyId": "3c8c3bdd1ecd6a8563b83f092c721221", "testCaseId": "399908236181a1b344cf29c43e4ccdc9", "fullName": "tests.test_main_page.TestMainPage#test_redirection_to_order_list", "labels": [{"name": "parentSuite", "value": "tests"}, {"name": "suite", "value": "test_main_page"}, {"name": "subSuite", "value": "TestMainPage"}, {"name": "host", "value": "DESKTOP-UBJ37DP"}, {"name": "thread", "value": "14012-MainThread"}, {"name": "framework", "value": "pytest"}, {"name": "language", "value": "cpython3"}, {"name": "package", "value": "tests.test_main_page"}]}